-------------------------------------------------------------------------------
Test set: TestSuite
-------------------------------------------------------------------------------
Tests run: 4, Failures: 4, Errors: 0, Skipped: 0, Time elapsed: 1.226 s <<< FAILURE! - in TestSuite
runScenario(com.ea.SpringBasic.runner.TestRunner)  Time elapsed: 0.116 s  <<< FAILURE!
io.cucumber.core.backend.CucumberBackendException: 
Please annotate a glue class with some context configuration.

For example:

   @CucumberContextConfiguration
   @SpringBootTest(classes = TestConfig.class)
   public class CucumberSpringConfiguration { }
Or: 

   @CucumberContextConfiguration
   @ContextConfiguration( ... )
   public class CucumberSpringConfiguration { }

runScenario(com.ea.SpringBasic.runner.TestRunner)  Time elapsed: 0.117 s  <<< FAILURE!
io.cucumber.core.backend.CucumberBackendException: 
Please annotate a glue class with some context configuration.

For example:

   @CucumberContextConfiguration
   @SpringBootTest(classes = TestConfig.class)
   public class CucumberSpringConfiguration { }
Or: 

   @CucumberContextConfiguration
   @ContextConfiguration( ... )
   public class CucumberSpringConfiguration { }

runScenario(com.ea.SpringBasic.runner.TestRunner)  Time elapsed: 0.117 s  <<< FAILURE!
io.cucumber.core.backend.CucumberBackendException: 
Please annotate a glue class with some context configuration.

For example:

   @CucumberContextConfiguration
   @SpringBootTest(classes = TestConfig.class)
   public class CucumberSpringConfiguration { }
Or: 

   @CucumberContextConfiguration
   @ContextConfiguration( ... )
   public class CucumberSpringConfiguration { }

runScenario(com.ea.SpringBasic.runner.TestRunner)  Time elapsed: 0.117 s  <<< FAILURE!
io.cucumber.core.backend.CucumberBackendException: 
Please annotate a glue class with some context configuration.

For example:

   @CucumberContextConfiguration
   @SpringBootTest(classes = TestConfig.class)
   public class CucumberSpringConfiguration { }
Or: 

   @CucumberContextConfiguration
   @ContextConfiguration( ... )
   public class CucumberSpringConfiguration { }

