<?xml version="1.0" encoding="UTF-8"?>
<testsuite xmlns:xsi="http://www.w3.org/2001/XMLSchema-instance" xsi:noNamespaceSchemaLocation="https://maven.apache.org/surefire/maven-surefire-plugin/xsd/surefire-test-report.xsd" name="TestSuite" time="20.27" tests="4" errors="0" skipped="0" failures="3">
  <properties>
[...]
</properties>
  <testcase name="testLogin" classname="com.ea.SpringBasic.SpringTestNGTest_Again" time="1.336">
    <failure message="stale element reference: element is not attached to the page document&#10;  (Session info: chrome=94.0.4606.81)&#10;For documentation on this error, please visit: https://selenium.dev/exceptions/#stale_element_reference&#10;Build info: version: &apos;4.0.0&apos;, revision: &apos;3a21814679&apos;&#10;System info: host: &apos;ndi-mb-063&apos;, ip: &apos;192.168.1.13&apos;, os.name: &apos;Mac OS X&apos;, os.arch: &apos;x86_64&apos;, os.version: &apos;11.5&apos;, java.version: &apos;11.0.12&apos;&#10;Driver info: org.openqa.selenium.chrome.ChromeDriver&#10;Command: [95d5cf4325bfcf9857b190db9482d9ea, clickElement {id=7865d9a5-1f19-4c07-ad0c-a1c76b210f01}]&#10;Capabilities {acceptInsecureCerts: false, browserName: chrome, browserVersion: 94.0.4606.81, chrome: {chromedriverVersion: 94.0.4606.61 (418b78f5838ed..., userDataDir: /var/folders/y2/d3yk9x3s5cg...}, goog:chromeOptions: {debuggerAddress: localhost:55207}, javascriptEnabled: true, networkConnectionEnabled: false, pageLoadStrategy: normal, platform: MAC, platformName: MAC, proxy: Proxy(), se:cdp: ws://localhost:55207/devtoo..., se:cdpVersion: 94.0.4606.81, setWindowRect: true, strictFileInteractability: false, timeouts: {implicit: 0, pageLoad: 300000, script: 30000}, unhandledPromptBehavior: dismiss and notify, webauthn:extension:credBlob: true, webauthn:extension:largeBlob: true, webauthn:virtualAuthenticators: true}&#10;Element: [[ChromeDriver: chrome on MAC (95d5cf4325bfcf9857b190db9482d9ea)] -&gt; link text: Login]&#10;Session ID: 95d5cf4325bfcf9857b190db9482d9ea" type="org.openqa.selenium.StaleElementReferenceException">org.openqa.selenium.StaleElementReferenceException: 
stale element reference: element is not attached to the page document
  (Session info: chrome=94.0.4606.81)
For documentation on this error, please visit: https://selenium.dev/exceptions/#stale_element_reference
Build info: version: '4.0.0', revision: '3a21814679'
System info: host: 'ndi-mb-063', ip: '192.168.1.13', os.name: 'Mac OS X', os.arch: 'x86_64', os.version: '11.5', java.version: '11.0.12'
Driver info: org.openqa.selenium.chrome.ChromeDriver
Command: [95d5cf4325bfcf9857b190db9482d9ea, clickElement {id=7865d9a5-1f19-4c07-ad0c-a1c76b210f01}]
Capabilities {acceptInsecureCerts: false, browserName: chrome, browserVersion: 94.0.4606.81, chrome: {chromedriverVersion: 94.0.4606.61 (418b78f5838ed..., userDataDir: /var/folders/y2/d3yk9x3s5cg...}, goog:chromeOptions: {debuggerAddress: localhost:55207}, javascriptEnabled: true, networkConnectionEnabled: false, pageLoadStrategy: normal, platform: MAC, platformName: MAC, proxy: Proxy(), se:cdp: ws://localhost:55207/devtoo..., se:cdpVersion: 94.0.4606.81, setWindowRect: true, strictFileInteractability: false, timeouts: {implicit: 0, pageLoad: 300000, script: 30000}, unhandledPromptBehavior: dismiss and notify, webauthn:extension:credBlob: true, webauthn:extension:largeBlob: true, webauthn:virtualAuthenticators: true}
Element: [[ChromeDriver: chrome on MAC (95d5cf4325bfcf9857b190db9482d9ea)] -> link text: Login]
Session ID: 95d5cf4325bfcf9857b190db9482d9ea
	at com.ea.SpringBasic.SpringTestNGTest_Again.testLogin(SpringTestNGTest_Again.java:39)
</failure>
    <system-out><![CDATA[...
... TestNG 7.4.0 by Cédric Beust (cedric@beust.com)
...

10:53:13.614 [main] DEBUG org.springframework.test.context.BootstrapUtils - Instantiating CacheAwareContextLoaderDelegate from class [org.springframework.test.context.cache.DefaultCacheAwareContextLoaderDelegate]
10:53:13.626 [main] DEBUG org.springframework.test.context.BootstrapUtils - Instantiating BootstrapContext using constructor [public org.springframework.test.context.support.DefaultBootstrapContext(java.lang.Class,org.springframework.test.context.CacheAwareContextLoaderDelegate)]
10:53:13.693 [main] DEBUG org.springframework.test.context.BootstrapUtils - Instantiating TestContextBootstrapper for test class [com.ea.SpringBasic.SpringTestNGTest] from class [org.springframework.boot.test.context.SpringBootTestContextBootstrapper]
10:53:13.705 [main] INFO org.springframework.boot.test.context.SpringBootTestContextBootstrapper - Neither @ContextConfiguration nor @ContextHierarchy found for test class [com.ea.SpringBasic.SpringTestNGTest], using SpringBootContextLoader
10:53:13.712 [main] DEBUG org.springframework.test.context.support.AbstractContextLoader - Did not detect default resource location for test class [com.ea.SpringBasic.SpringTestNGTest]: class path resource [com/ea/SpringBasic/SpringTestNGTest-context.xml] does not exist
10:53:13.712 [main] DEBUG org.springframework.test.context.support.AbstractContextLoader - Did not detect default resource location for test class [com.ea.SpringBasic.SpringTestNGTest]: class path resource [com/ea/SpringBasic/SpringTestNGTestContext.groovy] does not exist
10:53:13.713 [main] INFO org.springframework.test.context.support.AbstractContextLoader - Could not detect default resource locations for test class [com.ea.SpringBasic.SpringTestNGTest]: no resource found for suffixes {-context.xml, Context.groovy}.
10:53:13.713 [main] INFO org.springframework.test.context.support.AnnotationConfigContextLoaderUtils - Could not detect default configuration classes for test class [com.ea.SpringBasic.SpringTestNGTest]: SpringTestNGTest does not declare any static, non-private, non-final, nested classes annotated with @Configuration.
10:53:13.793 [main] DEBUG org.springframework.test.context.support.ActiveProfilesUtils - Could not find an 'annotation declaring class' for annotation type [org.springframework.test.context.ActiveProfiles] and class [com.ea.SpringBasic.SpringTestNGTest]
10:53:13.861 [main] DEBUG org.springframework.context.annotation.ClassPathScanningCandidateComponentProvider - Identified candidate component class: file [/Users/virender.singh/Downloads/SpringBasicParallelExecution/target/classes/com/ea/SpringBasic/SpringBasicApplication.class]
10:53:13.862 [main] INFO org.springframework.boot.test.context.SpringBootTestContextBootstrapper - Found @SpringBootConfiguration com.ea.SpringBasic.SpringBasicApplication for test class com.ea.SpringBasic.SpringTestNGTest
10:53:13.948 [main] DEBUG org.springframework.boot.test.context.SpringBootTestContextBootstrapper - Skipping candidate TestExecutionListener [org.springframework.test.context.web.ServletTestExecutionListener] due to a missing dependency. Specify custom listener classes or make the default listener classes and their required dependencies available. Offending class: [javax/servlet/ServletContext]
10:53:13.949 [main] INFO org.springframework.boot.test.context.SpringBootTestContextBootstrapper - Using TestExecutionListeners: [org.springframework.test.context.support.DirtiesContextBeforeModesTestExecutionListener@7e7b159b, org.springframework.test.context.event.ApplicationEventsTestExecutionListener@7e5d9a50, org.springframework.test.context.support.DependencyInjectionTestExecutionListener@60957c0f, org.springframework.test.context.support.DirtiesContextTestExecutionListener@293a5f75, org.springframework.test.context.event.EventPublishingTestExecutionListener@fcb4004]
10:53:14.026 [main] DEBUG org.springframework.test.context.BootstrapUtils - Instantiating CacheAwareContextLoaderDelegate from class [org.springframework.test.context.cache.DefaultCacheAwareContextLoaderDelegate]
10:53:14.026 [main] DEBUG org.springframework.test.context.BootstrapUtils - Instantiating BootstrapContext using constructor [public org.springframework.test.context.support.DefaultBootstrapContext(java.lang.Class,org.springframework.test.context.CacheAwareContextLoaderDelegate)]
10:53:14.027 [main] DEBUG org.springframework.test.context.BootstrapUtils - Instantiating TestContextBootstrapper for test class [com.ea.SpringBasic.SpringTestNGTest_Again] from class [org.springframework.boot.test.context.SpringBootTestContextBootstrapper]
10:53:14.028 [main] INFO org.springframework.boot.test.context.SpringBootTestContextBootstrapper - Neither @ContextConfiguration nor @ContextHierarchy found for test class [com.ea.SpringBasic.SpringTestNGTest_Again], using SpringBootContextLoader
10:53:14.028 [main] DEBUG org.springframework.test.context.support.AbstractContextLoader - Did not detect default resource location for test class [com.ea.SpringBasic.SpringTestNGTest_Again]: class path resource [com/ea/SpringBasic/SpringTestNGTest_Again-context.xml] does not exist
10:53:14.029 [main] DEBUG org.springframework.test.context.support.AbstractContextLoader - Did not detect default resource location for test class [com.ea.SpringBasic.SpringTestNGTest_Again]: class path resource [com/ea/SpringBasic/SpringTestNGTest_AgainContext.groovy] does not exist
10:53:14.029 [main] INFO org.springframework.test.context.support.AbstractContextLoader - Could not detect default resource locations for test class [com.ea.SpringBasic.SpringTestNGTest_Again]: no resource found for suffixes {-context.xml, Context.groovy}.
10:53:14.030 [main] INFO org.springframework.test.context.support.AnnotationConfigContextLoaderUtils - Could not detect default configuration classes for test class [com.ea.SpringBasic.SpringTestNGTest_Again]: SpringTestNGTest_Again does not declare any static, non-private, non-final, nested classes annotated with @Configuration.
10:53:14.034 [main] DEBUG org.springframework.test.context.support.ActiveProfilesUtils - Could not find an 'annotation declaring class' for annotation type [org.springframework.test.context.ActiveProfiles] and class [com.ea.SpringBasic.SpringTestNGTest_Again]
10:53:14.035 [main] INFO org.springframework.boot.test.context.SpringBootTestContextBootstrapper - Found @SpringBootConfiguration com.ea.SpringBasic.SpringBasicApplication for test class com.ea.SpringBasic.SpringTestNGTest_Again
10:53:14.041 [main] DEBUG org.springframework.boot.test.context.SpringBootTestContextBootstrapper - Skipping candidate TestExecutionListener [org.springframework.test.context.web.ServletTestExecutionListener] due to a missing dependency. Specify custom listener classes or make the default listener classes and their required dependencies available. Offending class: [javax/servlet/ServletContext]
10:53:14.041 [main] INFO org.springframework.boot.test.context.SpringBootTestContextBootstrapper - Using TestExecutionListeners: [org.springframework.test.context.support.DirtiesContextBeforeModesTestExecutionListener@4351c8c3, org.springframework.test.context.event.ApplicationEventsTestExecutionListener@3381b4fc, org.springframework.test.context.support.DependencyInjectionTestExecutionListener@6bea52d4, org.springframework.test.context.support.DirtiesContextTestExecutionListener@11981797, org.springframework.test.context.event.EventPublishingTestExecutionListener@5c42d2b7]
10:53:14.081 [main] DEBUG org.springframework.test.context.support.DependencyInjectionTestExecutionListener - Performing dependency injection for test context [[DefaultTestContext@21baa903 testClass = SpringTestNGTest, testInstance = com.ea.SpringBasic.SpringTestNGTest@19553973, testMethod = [null], testException = [null], mergedContextConfiguration = [MergedContextConfiguration@607fbe09 testClass = SpringTestNGTest, locations = '{}', classes = '{class com.ea.SpringBasic.SpringBasicApplication}', contextInitializerClasses = '[]', activeProfiles = '{}', propertySourceLocations = '{}', propertySourceProperties = '{org.springframework.boot.test.context.SpringBootTestContextBootstrapper=true}', contextCustomizers = set[org.springframework.boot.test.context.filter.ExcludeFilterContextCustomizer@72d6b3ba, org.springframework.boot.test.json.DuplicateJsonObjectContextCustomizerFactory$DuplicateJsonObjectContextCustomizer@163370c2, org.springframework.boot.test.mock.mockito.MockitoContextCustomizer@0, org.springframework.boot.test.web.client.TestRestTemplateContextCustomizer@16c069df, org.springframework.boot.test.autoconfigure.actuate.metrics.MetricsExportContextCustomizerFactory$DisableMetricExportContextCustomizer@48b67364, org.springframework.boot.test.autoconfigure.properties.PropertyMappingContextCustomizer@0, org.springframework.boot.test.autoconfigure.web.servlet.WebDriverContextCustomizerFactory$Customizer@f627d13, org.springframework.boot.test.context.SpringBootTestArgs@1, org.springframework.boot.test.context.SpringBootTestWebEnvironment@5fb759d6], contextLoader = 'org.springframework.boot.test.context.SpringBootContextLoader', parent = [null]], attributes = map['org.springframework.test.context.event.ApplicationEventsTestExecutionListener.recordApplicationEvents' -> false]]].
10:53:14.124 [main] DEBUG org.springframework.test.context.support.TestPropertySourceUtils - Adding inlined properties to environment: {spring.jmx.enabled=false, org.springframework.boot.test.context.SpringBootTestContextBootstrapper=true}

  .   ____          _            __ _ _
 /\\ / ___'_ __ _ _(_)_ __  __ _ \ \ \ \
( ( )\___ | '_ | '_| | '_ \/ _` | \ \ \ \
 \\/  ___)| |_)| | | | | || (_| |  ) ) ) )
  '  |____| .__|_| |_|_| |_\__, | / / / /
 =========|_|==============|___/=/_/_/_/
 :: Spring Boot ::                (v2.4.3)

2021-10-21 10:53:14.406  INFO 69420 --- [           main] com.ea.SpringBasic.SpringTestNGTest      : Starting SpringTestNGTest using Java 11.0.12 on ndi-mb-063 with PID 69420 (/Users/virender.singh/Downloads/SpringBasicParallelExecution/target/test-classes started by virender.singh in /Users/virender.singh/Downloads/SpringBasicParallelExecution)
2021-10-21 10:53:14.409  INFO 69420 --- [           main] com.ea.SpringBasic.SpringTestNGTest      : No active profile set, falling back to default profiles: default
2021-10-21 10:53:14.948  INFO 69420 --- [           main] com.ea.SpringBasic.SpringTestNGTest      : Started SpringTestNGTest in 0.82 seconds (JVM running for 1.893)
2021-10-21 10:53:15.242  INFO 69420 --- [           main] i.g.bonigarcia.wdm.WebDriverManager      : Using chromedriver 94.0.4606.61 (resolved driver for Chrome 94)
2021-10-21 10:53:15.294  INFO 69420 --- [           main] i.g.bonigarcia.wdm.WebDriverManager      : Exporting webdriver.chrome.driver as /Users/virender.singh/.cache/selenium/chromedriver/mac64/94.0.4606.61/chromedriver
2021-10-21 10:53:18.575  INFO 69420 --- [ null to remote] o.o.selenium.remote.ProtocolHandshake    : Detected dialect: W3C
2021-10-21 10:53:18.711  INFO 69420 --- [           main] o.o.selenium.devtools.CdpVersionFinder   : Found exact CDP implementation for version 94
]]></system-out>
    <system-err><![CDATA[Starting ChromeDriver 94.0.4606.61 (418b78f5838ed0b1c69bb4e51ea0252171854915-refs/branch-heads/4606@{#1204}) on port 59446
Only local connections are allowed.
Please see https://chromedriver.chromium.org/security-considerations for suggestions on keeping ChromeDriver safe.
ChromeDriver was started successfully.
]]></system-err>
  </testcase>
  <testcase name="testLogin" classname="com.ea.SpringBasic.SpringTestNGTest" time="0.856">
    <failure message="stale element reference: element is not attached to the page document&#10;  (Session info: chrome=94.0.4606.81)&#10;For documentation on this error, please visit: https://selenium.dev/exceptions/#stale_element_reference&#10;Build info: version: &apos;4.0.0&apos;, revision: &apos;3a21814679&apos;&#10;System info: host: &apos;ndi-mb-063&apos;, ip: &apos;192.168.1.13&apos;, os.name: &apos;Mac OS X&apos;, os.arch: &apos;x86_64&apos;, os.version: &apos;11.5&apos;, java.version: &apos;11.0.12&apos;&#10;Driver info: org.openqa.selenium.chrome.ChromeDriver&#10;Command: [95d5cf4325bfcf9857b190db9482d9ea, sendKeysToElement {id=2a99666b-b019-4951-a95a-05db440db02a, value=[Ljava.lang.CharSequence;@6b20d988}]&#10;Capabilities {acceptInsecureCerts: false, browserName: chrome, browserVersion: 94.0.4606.81, chrome: {chromedriverVersion: 94.0.4606.61 (418b78f5838ed..., userDataDir: /var/folders/y2/d3yk9x3s5cg...}, goog:chromeOptions: {debuggerAddress: localhost:55207}, javascriptEnabled: true, networkConnectionEnabled: false, pageLoadStrategy: normal, platform: MAC, platformName: MAC, proxy: Proxy(), se:cdp: ws://localhost:55207/devtoo..., se:cdpVersion: 94.0.4606.81, setWindowRect: true, strictFileInteractability: false, timeouts: {implicit: 0, pageLoad: 300000, script: 30000}, unhandledPromptBehavior: dismiss and notify, webauthn:extension:credBlob: true, webauthn:extension:largeBlob: true, webauthn:virtualAuthenticators: true}&#10;Element: [[ChromeDriver: chrome on MAC (95d5cf4325bfcf9857b190db9482d9ea)] -&gt; name: Password]&#10;Session ID: 95d5cf4325bfcf9857b190db9482d9ea" type="org.openqa.selenium.StaleElementReferenceException">org.openqa.selenium.StaleElementReferenceException: 
stale element reference: element is not attached to the page document
  (Session info: chrome=94.0.4606.81)
For documentation on this error, please visit: https://selenium.dev/exceptions/#stale_element_reference
Build info: version: '4.0.0', revision: '3a21814679'
System info: host: 'ndi-mb-063', ip: '192.168.1.13', os.name: 'Mac OS X', os.arch: 'x86_64', os.version: '11.5', java.version: '11.0.12'
Driver info: org.openqa.selenium.chrome.ChromeDriver
Command: [95d5cf4325bfcf9857b190db9482d9ea, sendKeysToElement {id=2a99666b-b019-4951-a95a-05db440db02a, value=[Ljava.lang.CharSequence;@6b20d988}]
Capabilities {acceptInsecureCerts: false, browserName: chrome, browserVersion: 94.0.4606.81, chrome: {chromedriverVersion: 94.0.4606.61 (418b78f5838ed..., userDataDir: /var/folders/y2/d3yk9x3s5cg...}, goog:chromeOptions: {debuggerAddress: localhost:55207}, javascriptEnabled: true, networkConnectionEnabled: false, pageLoadStrategy: normal, platform: MAC, platformName: MAC, proxy: Proxy(), se:cdp: ws://localhost:55207/devtoo..., se:cdpVersion: 94.0.4606.81, setWindowRect: true, strictFileInteractability: false, timeouts: {implicit: 0, pageLoad: 300000, script: 30000}, unhandledPromptBehavior: dismiss and notify, webauthn:extension:credBlob: true, webauthn:extension:largeBlob: true, webauthn:virtualAuthenticators: true}
Element: [[ChromeDriver: chrome on MAC (95d5cf4325bfcf9857b190db9482d9ea)] -> name: Password]
Session ID: 95d5cf4325bfcf9857b190db9482d9ea
	at com.ea.SpringBasic.SpringTestNGTest.testLogin(SpringTestNGTest.java:40)
</failure>
  </testcase>
  <testcase name="testLoginAgain" classname="com.ea.SpringBasic.SpringTestNGTest_Again" time="2.872"/>
  <testcase name="testLoginAgain" classname="com.ea.SpringBasic.SpringTestNGTest" time="2.877">
    <failure message="stale element reference: element is not attached to the page document&#10;  (Session info: chrome=94.0.4606.81)&#10;For documentation on this error, please visit: https://selenium.dev/exceptions/#stale_element_reference&#10;Build info: version: &apos;4.0.0&apos;, revision: &apos;3a21814679&apos;&#10;System info: host: &apos;ndi-mb-063&apos;, ip: &apos;192.168.1.13&apos;, os.name: &apos;Mac OS X&apos;, os.arch: &apos;x86_64&apos;, os.version: &apos;11.5&apos;, java.version: &apos;11.0.12&apos;&#10;Driver info: org.openqa.selenium.chrome.ChromeDriver&#10;Command: [95d5cf4325bfcf9857b190db9482d9ea, sendKeysToElement {id=548f15c1-7f7c-4d74-ab5f-dd2e506535fc, value=[Ljava.lang.CharSequence;@3385af4}]&#10;Capabilities {acceptInsecureCerts: false, browserName: chrome, browserVersion: 94.0.4606.81, chrome: {chromedriverVersion: 94.0.4606.61 (418b78f5838ed..., userDataDir: /var/folders/y2/d3yk9x3s5cg...}, goog:chromeOptions: {debuggerAddress: localhost:55207}, javascriptEnabled: true, networkConnectionEnabled: false, pageLoadStrategy: normal, platform: MAC, platformName: MAC, proxy: Proxy(), se:cdp: ws://localhost:55207/devtoo..., se:cdpVersion: 94.0.4606.81, setWindowRect: true, strictFileInteractability: false, timeouts: {implicit: 0, pageLoad: 300000, script: 30000}, unhandledPromptBehavior: dismiss and notify, webauthn:extension:credBlob: true, webauthn:extension:largeBlob: true, webauthn:virtualAuthenticators: true}&#10;Element: [[ChromeDriver: chrome on MAC (95d5cf4325bfcf9857b190db9482d9ea)] -&gt; name: Password]&#10;Session ID: 95d5cf4325bfcf9857b190db9482d9ea" type="org.openqa.selenium.StaleElementReferenceException">org.openqa.selenium.StaleElementReferenceException: 
stale element reference: element is not attached to the page document
  (Session info: chrome=94.0.4606.81)
For documentation on this error, please visit: https://selenium.dev/exceptions/#stale_element_reference
Build info: version: '4.0.0', revision: '3a21814679'
System info: host: 'ndi-mb-063', ip: '192.168.1.13', os.name: 'Mac OS X', os.arch: 'x86_64', os.version: '11.5', java.version: '11.0.12'
Driver info: org.openqa.selenium.chrome.ChromeDriver
Command: [95d5cf4325bfcf9857b190db9482d9ea, sendKeysToElement {id=548f15c1-7f7c-4d74-ab5f-dd2e506535fc, value=[Ljava.lang.CharSequence;@3385af4}]
Capabilities {acceptInsecureCerts: false, browserName: chrome, browserVersion: 94.0.4606.81, chrome: {chromedriverVersion: 94.0.4606.61 (418b78f5838ed..., userDataDir: /var/folders/y2/d3yk9x3s5cg...}, goog:chromeOptions: {debuggerAddress: localhost:55207}, javascriptEnabled: true, networkConnectionEnabled: false, pageLoadStrategy: normal, platform: MAC, platformName: MAC, proxy: Proxy(), se:cdp: ws://localhost:55207/devtoo..., se:cdpVersion: 94.0.4606.81, setWindowRect: true, strictFileInteractability: false, timeouts: {implicit: 0, pageLoad: 300000, script: 30000}, unhandledPromptBehavior: dismiss and notify, webauthn:extension:credBlob: true, webauthn:extension:largeBlob: true, webauthn:virtualAuthenticators: true}
Element: [[ChromeDriver: chrome on MAC (95d5cf4325bfcf9857b190db9482d9ea)] -> name: Password]
Session ID: 95d5cf4325bfcf9857b190db9482d9ea
	at com.ea.SpringBasic.SpringTestNGTest.testLoginAgain(SpringTestNGTest.java:48)
</failure>
  </testcase>
</testsuite>