<?xml version="1.0" encoding="UTF-8"?>
<testng-results ignored="0" total="4" passed="0" failed="4" skipped="0">
  <reporter-output>
  </reporter-output>
  <suite started-at="2021-10-19T14:44:10 IST" name="Suite" finished-at="2021-10-19T14:44:10 IST" duration-ms="573">
    <groups>
      <group name="cucumber">
        <method signature="AbstractTestNGCucumberTests.runScenario(io.cucumber.testng.PickleWrapper,io.cucumber.testng.FeatureWrapper)[pri:0, instance:com.ea.SpringBasic.runner.TestRunner@74455848]" name="runScenario" class="io.cucumber.testng.AbstractTestNGCucumberTests"/>
      </group> <!-- cucumber -->
    </groups>
    <test started-at="2021-10-19T14:44:10 IST" name="E2E Test of EAApp 1" finished-at="2021-10-19T14:44:10 IST" duration-ms="573">
      <class name="com.ea.SpringBasic.runner.TestRunner">
        <test-method is-config="true" signature="setUpClass()[pri:0, instance:com.ea.SpringBasic.runner.TestRunner@74455848]" started-at="2021-10-19T14:44:10 IST" name="setUpClass" finished-at="2021-10-19T14:44:10 IST" duration-ms="396" status="PASS">
          <reporter-output>
          </reporter-output>
        </test-method> <!-- setUpClass -->
        <test-method signature="runScenario(io.cucumber.testng.PickleWrapper,io.cucumber.testng.FeatureWrapper)[pri:0, instance:com.ea.SpringBasic.runner.TestRunner@74455848]" started-at="2021-10-19T14:44:10 IST" name="runScenario" description="Runs Cucumber Scenarios" data-provider="scenarios" finished-at="2021-10-19T14:44:10 IST" duration-ms="109" status="FAIL">
          <params>
            <param index="0">
              <value>
                <![CDATA["Login with correct username and password 4"]]>
              </value>
            </param>
            <param index="1">
              <value>
                <![CDATA["Optional[LoginFeature Again]"]]>
              </value>
            </param>
          </params>
          <exception class="io.cucumber.core.backend.CucumberBackendException">
            <message>
              <![CDATA[Please annotate a glue class with some context configuration.

For example:

   @CucumberContextConfiguration
   @SpringBootTest(classes = TestConfig.class)
   public class CucumberSpringConfiguration { }
Or: 

   @CucumberContextConfiguration
   @ContextConfiguration( ... )
   public class CucumberSpringConfiguration { }]]>
            </message>
            <full-stacktrace>
              <![CDATA[io.cucumber.core.backend.CucumberBackendException: Please annotate a glue class with some context configuration.

For example:

   @CucumberContextConfiguration
   @SpringBootTest(classes = TestConfig.class)
   public class CucumberSpringConfiguration { }
Or: 

   @CucumberContextConfiguration
   @ContextConfiguration( ... )
   public class CucumberSpringConfiguration { }
at io.cucumber.spring.SpringFactory.start(SpringFactory.java:129)
at io.cucumber.core.runner.Runner.buildBackendWorlds(Runner.java:97)
at io.cucumber.core.runner.Runner.runPickle(Runner.java:65)
at io.cucumber.testng.TestNGCucumberRunner.lambda$runScenario$0(TestNGCucumberRunner.java:116)
at io.cucumber.core.runtime.CucumberExecutionContext.runTestCase(CucumberExecutionContext.java:117)
at io.cucumber.testng.TestNGCucumberRunner.runScenario(TestNGCucumberRunner.java:113)
at io.cucumber.testng.AbstractTestNGCucumberTests.runScenario(AbstractTestNGCucumberTests.java:31)
at java.base/jdk.internal.reflect.NativeMethodAccessorImpl.invoke0(Native Method)
at java.base/jdk.internal.reflect.NativeMethodAccessorImpl.invoke(NativeMethodAccessorImpl.java:62)
at java.base/jdk.internal.reflect.DelegatingMethodAccessorImpl.invoke(DelegatingMethodAccessorImpl.java:43)
at java.base/java.lang.reflect.Method.invoke(Method.java:566)
at org.testng.internal.MethodInvocationHelper.invokeMethod(MethodInvocationHelper.java:133)
at org.testng.internal.TestInvoker.invokeMethod(TestInvoker.java:598)
at org.testng.internal.TestInvoker.invokeTestMethod(TestInvoker.java:173)
at org.testng.internal.TestMethodWithDataProviderMethodWorker.call(TestMethodWithDataProviderMethodWorker.java:77)
at org.testng.internal.TestMethodWithDataProviderMethodWorker.call(TestMethodWithDataProviderMethodWorker.java:15)
at java.base/java.util.concurrent.FutureTask.run(FutureTask.java:264)
at java.base/java.util.concurrent.Executors$RunnableAdapter.call(Executors.java:515)
at java.base/java.util.concurrent.FutureTask.run(FutureTask.java:264)
at java.base/java.util.concurrent.ThreadPoolExecutor.runWorker(ThreadPoolExecutor.java:1128)
at java.base/java.util.concurrent.ThreadPoolExecutor$Worker.run(ThreadPoolExecutor.java:628)
at java.base/java.lang.Thread.run(Thread.java:834)
]]>
            </full-stacktrace>
          </exception> <!-- io.cucumber.core.backend.CucumberBackendException -->
          <reporter-output>
          </reporter-output>
        </test-method> <!-- runScenario -->
        <test-method signature="runScenario(io.cucumber.testng.PickleWrapper,io.cucumber.testng.FeatureWrapper)[pri:0, instance:com.ea.SpringBasic.runner.TestRunner@74455848]" started-at="2021-10-19T14:44:10 IST" name="runScenario" description="Runs Cucumber Scenarios" data-provider="scenarios" finished-at="2021-10-19T14:44:10 IST" duration-ms="109" status="FAIL">
          <params>
            <param index="0">
              <value>
                <![CDATA["Login with correct username and password 3"]]>
              </value>
            </param>
            <param index="1">
              <value>
                <![CDATA["Optional[LoginFeature Again]"]]>
              </value>
            </param>
          </params>
          <exception class="io.cucumber.core.backend.CucumberBackendException">
            <message>
              <![CDATA[Please annotate a glue class with some context configuration.

For example:

   @CucumberContextConfiguration
   @SpringBootTest(classes = TestConfig.class)
   public class CucumberSpringConfiguration { }
Or: 

   @CucumberContextConfiguration
   @ContextConfiguration( ... )
   public class CucumberSpringConfiguration { }]]>
            </message>
            <full-stacktrace>
              <![CDATA[io.cucumber.core.backend.CucumberBackendException: Please annotate a glue class with some context configuration.

For example:

   @CucumberContextConfiguration
   @SpringBootTest(classes = TestConfig.class)
   public class CucumberSpringConfiguration { }
Or: 

   @CucumberContextConfiguration
   @ContextConfiguration( ... )
   public class CucumberSpringConfiguration { }
at io.cucumber.spring.SpringFactory.start(SpringFactory.java:129)
at io.cucumber.core.runner.Runner.buildBackendWorlds(Runner.java:97)
at io.cucumber.core.runner.Runner.runPickle(Runner.java:65)
at io.cucumber.testng.TestNGCucumberRunner.lambda$runScenario$0(TestNGCucumberRunner.java:116)
at io.cucumber.core.runtime.CucumberExecutionContext.runTestCase(CucumberExecutionContext.java:117)
at io.cucumber.testng.TestNGCucumberRunner.runScenario(TestNGCucumberRunner.java:113)
at io.cucumber.testng.AbstractTestNGCucumberTests.runScenario(AbstractTestNGCucumberTests.java:31)
at java.base/jdk.internal.reflect.NativeMethodAccessorImpl.invoke0(Native Method)
at java.base/jdk.internal.reflect.NativeMethodAccessorImpl.invoke(NativeMethodAccessorImpl.java:62)
at java.base/jdk.internal.reflect.DelegatingMethodAccessorImpl.invoke(DelegatingMethodAccessorImpl.java:43)
at java.base/java.lang.reflect.Method.invoke(Method.java:566)
at org.testng.internal.MethodInvocationHelper.invokeMethod(MethodInvocationHelper.java:133)
at org.testng.internal.TestInvoker.invokeMethod(TestInvoker.java:598)
at org.testng.internal.TestInvoker.invokeTestMethod(TestInvoker.java:173)
at org.testng.internal.TestMethodWithDataProviderMethodWorker.call(TestMethodWithDataProviderMethodWorker.java:77)
at org.testng.internal.TestMethodWithDataProviderMethodWorker.call(TestMethodWithDataProviderMethodWorker.java:15)
at java.base/java.util.concurrent.FutureTask.run(FutureTask.java:264)
at java.base/java.util.concurrent.Executors$RunnableAdapter.call(Executors.java:515)
at java.base/java.util.concurrent.FutureTask.run(FutureTask.java:264)
at java.base/java.util.concurrent.ThreadPoolExecutor.runWorker(ThreadPoolExecutor.java:1128)
at java.base/java.util.concurrent.ThreadPoolExecutor$Worker.run(ThreadPoolExecutor.java:628)
at java.base/java.lang.Thread.run(Thread.java:834)
]]>
            </full-stacktrace>
          </exception> <!-- io.cucumber.core.backend.CucumberBackendException -->
          <reporter-output>
          </reporter-output>
        </test-method> <!-- runScenario -->
        <test-method signature="runScenario(io.cucumber.testng.PickleWrapper,io.cucumber.testng.FeatureWrapper)[pri:0, instance:com.ea.SpringBasic.runner.TestRunner@74455848]" started-at="2021-10-19T14:44:10 IST" name="runScenario" description="Runs Cucumber Scenarios" data-provider="scenarios" finished-at="2021-10-19T14:44:10 IST" duration-ms="109" status="FAIL">
          <params>
            <param index="0">
              <value>
                <![CDATA["Login with correct username and password 1"]]>
              </value>
            </param>
            <param index="1">
              <value>
                <![CDATA["Optional[LoginFeature]"]]>
              </value>
            </param>
          </params>
          <exception class="io.cucumber.core.backend.CucumberBackendException">
            <message>
              <![CDATA[Please annotate a glue class with some context configuration.

For example:

   @CucumberContextConfiguration
   @SpringBootTest(classes = TestConfig.class)
   public class CucumberSpringConfiguration { }
Or: 

   @CucumberContextConfiguration
   @ContextConfiguration( ... )
   public class CucumberSpringConfiguration { }]]>
            </message>
            <full-stacktrace>
              <![CDATA[io.cucumber.core.backend.CucumberBackendException: Please annotate a glue class with some context configuration.

For example:

   @CucumberContextConfiguration
   @SpringBootTest(classes = TestConfig.class)
   public class CucumberSpringConfiguration { }
Or: 

   @CucumberContextConfiguration
   @ContextConfiguration( ... )
   public class CucumberSpringConfiguration { }
at io.cucumber.spring.SpringFactory.start(SpringFactory.java:129)
at io.cucumber.core.runner.Runner.buildBackendWorlds(Runner.java:97)
at io.cucumber.core.runner.Runner.runPickle(Runner.java:65)
at io.cucumber.testng.TestNGCucumberRunner.lambda$runScenario$0(TestNGCucumberRunner.java:116)
at io.cucumber.core.runtime.CucumberExecutionContext.runTestCase(CucumberExecutionContext.java:117)
at io.cucumber.testng.TestNGCucumberRunner.runScenario(TestNGCucumberRunner.java:113)
at io.cucumber.testng.AbstractTestNGCucumberTests.runScenario(AbstractTestNGCucumberTests.java:31)
at java.base/jdk.internal.reflect.NativeMethodAccessorImpl.invoke0(Native Method)
at java.base/jdk.internal.reflect.NativeMethodAccessorImpl.invoke(NativeMethodAccessorImpl.java:62)
at java.base/jdk.internal.reflect.DelegatingMethodAccessorImpl.invoke(DelegatingMethodAccessorImpl.java:43)
at java.base/java.lang.reflect.Method.invoke(Method.java:566)
at org.testng.internal.MethodInvocationHelper.invokeMethod(MethodInvocationHelper.java:133)
at org.testng.internal.TestInvoker.invokeMethod(TestInvoker.java:598)
at org.testng.internal.TestInvoker.invokeTestMethod(TestInvoker.java:173)
at org.testng.internal.TestMethodWithDataProviderMethodWorker.call(TestMethodWithDataProviderMethodWorker.java:77)
at org.testng.internal.TestMethodWithDataProviderMethodWorker.call(TestMethodWithDataProviderMethodWorker.java:15)
at java.base/java.util.concurrent.FutureTask.run(FutureTask.java:264)
at java.base/java.util.concurrent.Executors$RunnableAdapter.call(Executors.java:515)
at java.base/java.util.concurrent.FutureTask.run(FutureTask.java:264)
at java.base/java.util.concurrent.ThreadPoolExecutor.runWorker(ThreadPoolExecutor.java:1128)
at java.base/java.util.concurrent.ThreadPoolExecutor$Worker.run(ThreadPoolExecutor.java:628)
at java.base/java.lang.Thread.run(Thread.java:834)
]]>
            </full-stacktrace>
          </exception> <!-- io.cucumber.core.backend.CucumberBackendException -->
          <reporter-output>
          </reporter-output>
        </test-method> <!-- runScenario -->
        <test-method signature="runScenario(io.cucumber.testng.PickleWrapper,io.cucumber.testng.FeatureWrapper)[pri:0, instance:com.ea.SpringBasic.runner.TestRunner@74455848]" started-at="2021-10-19T14:44:10 IST" name="runScenario" description="Runs Cucumber Scenarios" data-provider="scenarios" finished-at="2021-10-19T14:44:10 IST" duration-ms="109" status="FAIL">
          <params>
            <param index="0">
              <value>
                <![CDATA["Login with correct username and password 2"]]>
              </value>
            </param>
            <param index="1">
              <value>
                <![CDATA["Optional[LoginFeature]"]]>
              </value>
            </param>
          </params>
          <exception class="io.cucumber.core.backend.CucumberBackendException">
            <message>
              <![CDATA[Please annotate a glue class with some context configuration.

For example:

   @CucumberContextConfiguration
   @SpringBootTest(classes = TestConfig.class)
   public class CucumberSpringConfiguration { }
Or: 

   @CucumberContextConfiguration
   @ContextConfiguration( ... )
   public class CucumberSpringConfiguration { }]]>
            </message>
            <full-stacktrace>
              <![CDATA[io.cucumber.core.backend.CucumberBackendException: Please annotate a glue class with some context configuration.

For example:

   @CucumberContextConfiguration
   @SpringBootTest(classes = TestConfig.class)
   public class CucumberSpringConfiguration { }
Or: 

   @CucumberContextConfiguration
   @ContextConfiguration( ... )
   public class CucumberSpringConfiguration { }
at io.cucumber.spring.SpringFactory.start(SpringFactory.java:129)
at io.cucumber.core.runner.Runner.buildBackendWorlds(Runner.java:97)
at io.cucumber.core.runner.Runner.runPickle(Runner.java:65)
at io.cucumber.testng.TestNGCucumberRunner.lambda$runScenario$0(TestNGCucumberRunner.java:116)
at io.cucumber.core.runtime.CucumberExecutionContext.runTestCase(CucumberExecutionContext.java:117)
at io.cucumber.testng.TestNGCucumberRunner.runScenario(TestNGCucumberRunner.java:113)
at io.cucumber.testng.AbstractTestNGCucumberTests.runScenario(AbstractTestNGCucumberTests.java:31)
at java.base/jdk.internal.reflect.NativeMethodAccessorImpl.invoke0(Native Method)
at java.base/jdk.internal.reflect.NativeMethodAccessorImpl.invoke(NativeMethodAccessorImpl.java:62)
at java.base/jdk.internal.reflect.DelegatingMethodAccessorImpl.invoke(DelegatingMethodAccessorImpl.java:43)
at java.base/java.lang.reflect.Method.invoke(Method.java:566)
at org.testng.internal.MethodInvocationHelper.invokeMethod(MethodInvocationHelper.java:133)
at org.testng.internal.TestInvoker.invokeMethod(TestInvoker.java:598)
at org.testng.internal.TestInvoker.invokeTestMethod(TestInvoker.java:173)
at org.testng.internal.TestMethodWithDataProviderMethodWorker.call(TestMethodWithDataProviderMethodWorker.java:77)
at org.testng.internal.TestMethodWithDataProviderMethodWorker.call(TestMethodWithDataProviderMethodWorker.java:15)
at java.base/java.util.concurrent.FutureTask.run(FutureTask.java:264)
at java.base/java.util.concurrent.Executors$RunnableAdapter.call(Executors.java:515)
at java.base/java.util.concurrent.FutureTask.run(FutureTask.java:264)
at java.base/java.util.concurrent.ThreadPoolExecutor.runWorker(ThreadPoolExecutor.java:1128)
at java.base/java.util.concurrent.ThreadPoolExecutor$Worker.run(ThreadPoolExecutor.java:628)
at java.base/java.lang.Thread.run(Thread.java:834)
]]>
            </full-stacktrace>
          </exception> <!-- io.cucumber.core.backend.CucumberBackendException -->
          <reporter-output>
          </reporter-output>
        </test-method> <!-- runScenario -->
        <test-method is-config="true" signature="tearDownClass()[pri:0, instance:com.ea.SpringBasic.runner.TestRunner@74455848]" started-at="2021-10-19T14:44:10 IST" name="tearDownClass" finished-at="2021-10-19T14:44:10 IST" duration-ms="28" status="PASS">
          <reporter-output>
          </reporter-output>
        </test-method> <!-- tearDownClass -->
      </class> <!-- com.ea.SpringBasic.runner.TestRunner -->
    </test> <!-- E2E Test of EAApp 1 -->
  </suite> <!-- Suite -->
</testng-results>
