<?xml version="1.0" encoding="UTF-8"?>
<testng-results ignored="0" total="4" passed="4" failed="0" skipped="0">
  <reporter-output>
  </reporter-output>
  <suite started-at="2021-10-21T14:17:19 IST" name="Surefire suite" finished-at="2021-10-21T14:17:33 IST" duration-ms="14183">
    <groups>
      <group name="cucumber">
        <method signature="AbstractTestNGCucumberTests.runScenario(io.cucumber.testng.PickleWrapper,io.cucumber.testng.FeatureWrapper)[pri:0, instance:com.ea.SpringBasic.runner.TestRunner@2a5c8d3f]" name="runScenario" class="io.cucumber.testng.AbstractTestNGCucumberTests"/>
      </group> <!-- cucumber -->
    </groups>
    <test started-at="2021-10-21T14:17:19 IST" name="Surefire test" finished-at="2021-10-21T14:17:33 IST" duration-ms="14183">
      <class name="com.ea.SpringBasic.runner.TestRunner">
        <test-method is-config="true" signature="setUpClass()[pri:0, instance:com.ea.SpringBasic.runner.TestRunner@2a5c8d3f]" started-at="2021-10-21T14:17:19 IST" name="setUpClass" finished-at="2021-10-21T14:17:19 IST" duration-ms="359" status="PASS">
          <reporter-output>
          </reporter-output>
        </test-method> <!-- setUpClass -->
        <test-method signature="runScenario(io.cucumber.testng.PickleWrapper,io.cucumber.testng.FeatureWrapper)[pri:0, instance:com.ea.SpringBasic.runner.TestRunner@2a5c8d3f]" started-at="2021-10-21T14:17:19 IST" name="runScenario" description="Runs Cucumber Scenarios" data-provider="scenarios" finished-at="2021-10-21T14:17:33 IST" duration-ms="13742" status="PASS">
          <params>
            <param index="0">
              <value>
                <![CDATA["Login with correct username and password 1"]]>
              </value>
            </param>
            <param index="1">
              <value>
                <![CDATA["Optional[LoginFeature]"]]>
              </value>
            </param>
          </params>
          <reporter-output>
          </reporter-output>
        </test-method> <!-- runScenario -->
        <test-method signature="runScenario(io.cucumber.testng.PickleWrapper,io.cucumber.testng.FeatureWrapper)[pri:0, instance:com.ea.SpringBasic.runner.TestRunner@2a5c8d3f]" started-at="2021-10-21T14:17:19 IST" name="runScenario" description="Runs Cucumber Scenarios" data-provider="scenarios" finished-at="2021-10-21T14:17:33 IST" duration-ms="13279" status="PASS">
          <params>
            <param index="0">
              <value>
                <![CDATA["Login with correct username and password 2"]]>
              </value>
            </param>
            <param index="1">
              <value>
                <![CDATA["Optional[LoginFeature]"]]>
              </value>
            </param>
          </params>
          <reporter-output>
          </reporter-output>
        </test-method> <!-- runScenario -->
        <test-method signature="runScenario(io.cucumber.testng.PickleWrapper,io.cucumber.testng.FeatureWrapper)[pri:0, instance:com.ea.SpringBasic.runner.TestRunner@2a5c8d3f]" started-at="2021-10-21T14:17:19 IST" name="runScenario" description="Runs Cucumber Scenarios" data-provider="scenarios" finished-at="2021-10-21T14:17:32 IST" duration-ms="12535" status="PASS">
          <params>
            <param index="0">
              <value>
                <![CDATA["Login with correct username and password 3"]]>
              </value>
            </param>
            <param index="1">
              <value>
                <![CDATA["Optional[LoginFeature Again]"]]>
              </value>
            </param>
          </params>
          <reporter-output>
          </reporter-output>
        </test-method> <!-- runScenario -->
        <test-method signature="runScenario(io.cucumber.testng.PickleWrapper,io.cucumber.testng.FeatureWrapper)[pri:0, instance:com.ea.SpringBasic.runner.TestRunner@2a5c8d3f]" started-at="2021-10-21T14:17:19 IST" name="runScenario" description="Runs Cucumber Scenarios" data-provider="scenarios" finished-at="2021-10-21T14:17:31 IST" duration-ms="11992" status="PASS">
          <params>
            <param index="0">
              <value>
                <![CDATA["Login with correct username and password 4"]]>
              </value>
            </param>
            <param index="1">
              <value>
                <![CDATA["Optional[LoginFeature Again]"]]>
              </value>
            </param>
          </params>
          <reporter-output>
          </reporter-output>
        </test-method> <!-- runScenario -->
        <test-method is-config="true" signature="tearDownClass()[pri:0, instance:com.ea.SpringBasic.runner.TestRunner@2a5c8d3f]" started-at="2021-10-21T14:17:33 IST" name="tearDownClass" finished-at="2021-10-21T14:17:33 IST" duration-ms="55" status="PASS">
          <reporter-output>
          </reporter-output>
        </test-method> <!-- tearDownClass -->
      </class> <!-- com.ea.SpringBasic.runner.TestRunner -->
    </test> <!-- Surefire test -->
  </suite> <!-- Surefire suite -->
</testng-results>
