<?xml version="1.0" encoding="UTF-8"?>
<testng-results ignored="0" total="4" passed="4" failed="0" skipped="0">
  <reporter-output>
  </reporter-output>
  <suite started-at="2021-09-15T21:04:31 IST" name="Suite" finished-at="2021-09-15T21:04:47 IST" duration-ms="16166">
    <groups>
      <group name="cucumber">
        <method signature="AbstractTestNGCucumberTests.runScenario(io.cucumber.testng.PickleWrapper,io.cucumber.testng.FeatureWrapper)[pri:0, instance:com.ea.SpringBasic.runner.TestRunner@6bf0219d]" name="runScenario" class="io.cucumber.testng.AbstractTestNGCucumberTests"/>
      </group> <!-- cucumber -->
    </groups>
    <test started-at="2021-09-15T21:04:31 IST" name="E2E Test of EAApp 1" finished-at="2021-09-15T21:04:47 IST" duration-ms="16166">
      <class name="com.ea.SpringBasic.runner.TestRunner">
        <test-method is-config="true" signature="setUpClass()[pri:0, instance:com.ea.SpringBasic.runner.TestRunner@6bf0219d]" started-at="2021-09-15T21:04:31 IST" name="setUpClass" finished-at="2021-09-15T21:04:32 IST" duration-ms="341" status="PASS">
          <reporter-output>
          </reporter-output>
        </test-method> <!-- setUpClass -->
        <test-method signature="runScenario(io.cucumber.testng.PickleWrapper,io.cucumber.testng.FeatureWrapper)[pri:0, instance:com.ea.SpringBasic.runner.TestRunner@6bf0219d]" started-at="2021-09-15T21:04:32 IST" name="runScenario" description="Runs Cucumber Scenarios" data-provider="scenarios" finished-at="2021-09-15T21:04:46 IST" duration-ms="14090" status="PASS">
          <params>
            <param index="0">
              <value>
                <![CDATA["Login with correct username and password 2"]]>
              </value>
            </param>
            <param index="1">
              <value>
                <![CDATA["Optional[LoginFeature]"]]>
              </value>
            </param>
          </params>
          <reporter-output>
          </reporter-output>
        </test-method> <!-- runScenario -->
        <test-method signature="runScenario(io.cucumber.testng.PickleWrapper,io.cucumber.testng.FeatureWrapper)[pri:0, instance:com.ea.SpringBasic.runner.TestRunner@6bf0219d]" started-at="2021-09-15T21:04:32 IST" name="runScenario" description="Runs Cucumber Scenarios" data-provider="scenarios" finished-at="2021-09-15T21:04:47 IST" duration-ms="15723" status="PASS">
          <params>
            <param index="0">
              <value>
                <![CDATA["Login with correct username and password 3"]]>
              </value>
            </param>
            <param index="1">
              <value>
                <![CDATA["Optional[LoginFeature Again]"]]>
              </value>
            </param>
          </params>
          <reporter-output>
          </reporter-output>
        </test-method> <!-- runScenario -->
        <test-method signature="runScenario(io.cucumber.testng.PickleWrapper,io.cucumber.testng.FeatureWrapper)[pri:0, instance:com.ea.SpringBasic.runner.TestRunner@6bf0219d]" started-at="2021-09-15T21:04:32 IST" name="runScenario" description="Runs Cucumber Scenarios" data-provider="scenarios" finished-at="2021-09-15T21:04:46 IST" duration-ms="14236" status="PASS">
          <params>
            <param index="0">
              <value>
                <![CDATA["Login with correct username and password 4"]]>
              </value>
            </param>
            <param index="1">
              <value>
                <![CDATA["Optional[LoginFeature Again]"]]>
              </value>
            </param>
          </params>
          <reporter-output>
          </reporter-output>
        </test-method> <!-- runScenario -->
        <test-method signature="runScenario(io.cucumber.testng.PickleWrapper,io.cucumber.testng.FeatureWrapper)[pri:0, instance:com.ea.SpringBasic.runner.TestRunner@6bf0219d]" started-at="2021-09-15T21:04:32 IST" name="runScenario" description="Runs Cucumber Scenarios" data-provider="scenarios" finished-at="2021-09-15T21:04:46 IST" duration-ms="14769" status="PASS">
          <params>
            <param index="0">
              <value>
                <![CDATA["Login with correct username and password 1"]]>
              </value>
            </param>
            <param index="1">
              <value>
                <![CDATA["Optional[LoginFeature]"]]>
              </value>
            </param>
          </params>
          <reporter-output>
          </reporter-output>
        </test-method> <!-- runScenario -->
        <test-method is-config="true" signature="tearDownClass()[pri:0, instance:com.ea.SpringBasic.runner.TestRunner@6bf0219d]" started-at="2021-09-15T21:04:47 IST" name="tearDownClass" finished-at="2021-09-15T21:04:47 IST" duration-ms="66" status="PASS">
          <reporter-output>
          </reporter-output>
        </test-method> <!-- tearDownClass -->
      </class> <!-- com.ea.SpringBasic.runner.TestRunner -->
    </test> <!-- E2E Test of EAApp 1 -->
  </suite> <!-- Suite -->
</testng-results>
