-------------------------------------------------------------------------------
Test set: TestSuite
-------------------------------------------------------------------------------
Tests run: 4, Failures: 3, Errors: 0, Skipped: 0, Time elapsed: 20.27 s <<< FAILURE! - in TestSuite
testLogin(com.ea.SpringBasic.SpringTestNGTest_Again)  Time elapsed: 1.336 s  <<< FAILURE!
org.openqa.selenium.StaleElementReferenceException: 
stale element reference: element is not attached to the page document
  (Session info: chrome=94.0.4606.81)
For documentation on this error, please visit: https://selenium.dev/exceptions/#stale_element_reference
Build info: version: '4.0.0', revision: '3a21814679'
System info: host: 'ndi-mb-063', ip: '192.168.1.13', os.name: 'Mac OS X', os.arch: 'x86_64', os.version: '11.5', java.version: '11.0.12'
Driver info: org.openqa.selenium.chrome.ChromeDriver
Command: [95d5cf4325bfcf9857b190db9482d9ea, clickElement {id=7865d9a5-1f19-4c07-ad0c-a1c76b210f01}]
Capabilities {acceptInsecureCerts: false, browserName: chrome, browserVersion: 94.0.4606.81, chrome: {chromedriverVersion: 94.0.4606.61 (418b78f5838ed..., userDataDir: /var/folders/y2/d3yk9x3s5cg...}, goog:chromeOptions: {debuggerAddress: localhost:55207}, javascriptEnabled: true, networkConnectionEnabled: false, pageLoadStrategy: normal, platform: MAC, platformName: MAC, proxy: Proxy(), se:cdp: ws://localhost:55207/devtoo..., se:cdpVersion: 94.0.4606.81, setWindowRect: true, strictFileInteractability: false, timeouts: {implicit: 0, pageLoad: 300000, script: 30000}, unhandledPromptBehavior: dismiss and notify, webauthn:extension:credBlob: true, webauthn:extension:largeBlob: true, webauthn:virtualAuthenticators: true}
Element: [[ChromeDriver: chrome on MAC (95d5cf4325bfcf9857b190db9482d9ea)] -> link text: Login]
Session ID: 95d5cf4325bfcf9857b190db9482d9ea
	at com.ea.SpringBasic.SpringTestNGTest_Again.testLogin(SpringTestNGTest_Again.java:39)

testLogin(com.ea.SpringBasic.SpringTestNGTest)  Time elapsed: 0.856 s  <<< FAILURE!
org.openqa.selenium.StaleElementReferenceException: 
stale element reference: element is not attached to the page document
  (Session info: chrome=94.0.4606.81)
For documentation on this error, please visit: https://selenium.dev/exceptions/#stale_element_reference
Build info: version: '4.0.0', revision: '3a21814679'
System info: host: 'ndi-mb-063', ip: '192.168.1.13', os.name: 'Mac OS X', os.arch: 'x86_64', os.version: '11.5', java.version: '11.0.12'
Driver info: org.openqa.selenium.chrome.ChromeDriver
Command: [95d5cf4325bfcf9857b190db9482d9ea, sendKeysToElement {id=2a99666b-b019-4951-a95a-05db440db02a, value=[Ljava.lang.CharSequence;@6b20d988}]
Capabilities {acceptInsecureCerts: false, browserName: chrome, browserVersion: 94.0.4606.81, chrome: {chromedriverVersion: 94.0.4606.61 (418b78f5838ed..., userDataDir: /var/folders/y2/d3yk9x3s5cg...}, goog:chromeOptions: {debuggerAddress: localhost:55207}, javascriptEnabled: true, networkConnectionEnabled: false, pageLoadStrategy: normal, platform: MAC, platformName: MAC, proxy: Proxy(), se:cdp: ws://localhost:55207/devtoo..., se:cdpVersion: 94.0.4606.81, setWindowRect: true, strictFileInteractability: false, timeouts: {implicit: 0, pageLoad: 300000, script: 30000}, unhandledPromptBehavior: dismiss and notify, webauthn:extension:credBlob: true, webauthn:extension:largeBlob: true, webauthn:virtualAuthenticators: true}
Element: [[ChromeDriver: chrome on MAC (95d5cf4325bfcf9857b190db9482d9ea)] -> name: Password]
Session ID: 95d5cf4325bfcf9857b190db9482d9ea
	at com.ea.SpringBasic.SpringTestNGTest.testLogin(SpringTestNGTest.java:40)

testLoginAgain(com.ea.SpringBasic.SpringTestNGTest)  Time elapsed: 2.877 s  <<< FAILURE!
org.openqa.selenium.StaleElementReferenceException: 
stale element reference: element is not attached to the page document
  (Session info: chrome=94.0.4606.81)
For documentation on this error, please visit: https://selenium.dev/exceptions/#stale_element_reference
Build info: version: '4.0.0', revision: '3a21814679'
System info: host: 'ndi-mb-063', ip: '192.168.1.13', os.name: 'Mac OS X', os.arch: 'x86_64', os.version: '11.5', java.version: '11.0.12'
Driver info: org.openqa.selenium.chrome.ChromeDriver
Command: [95d5cf4325bfcf9857b190db9482d9ea, sendKeysToElement {id=548f15c1-7f7c-4d74-ab5f-dd2e506535fc, value=[Ljava.lang.CharSequence;@3385af4}]
Capabilities {acceptInsecureCerts: false, browserName: chrome, browserVersion: 94.0.4606.81, chrome: {chromedriverVersion: 94.0.4606.61 (418b78f5838ed..., userDataDir: /var/folders/y2/d3yk9x3s5cg...}, goog:chromeOptions: {debuggerAddress: localhost:55207}, javascriptEnabled: true, networkConnectionEnabled: false, pageLoadStrategy: normal, platform: MAC, platformName: MAC, proxy: Proxy(), se:cdp: ws://localhost:55207/devtoo..., se:cdpVersion: 94.0.4606.81, setWindowRect: true, strictFileInteractability: false, timeouts: {implicit: 0, pageLoad: 300000, script: 30000}, unhandledPromptBehavior: dismiss and notify, webauthn:extension:credBlob: true, webauthn:extension:largeBlob: true, webauthn:virtualAuthenticators: true}
Element: [[ChromeDriver: chrome on MAC (95d5cf4325bfcf9857b190db9482d9ea)] -> name: Password]
Session ID: 95d5cf4325bfcf9857b190db9482d9ea
	at com.ea.SpringBasic.SpringTestNGTest.testLoginAgain(SpringTestNGTest.java:48)

