<?xml version="1.0" encoding="UTF-8"?>
<testng-results ignored="0" total="4" passed="4" failed="0" skipped="0">
  <reporter-output>
  </reporter-output>
  <suite started-at="2021-10-30T11:03:17 IST" name="Suite" finished-at="2021-10-30T11:03:44 IST" duration-ms="26618">
    <groups>
      <group name="cucumber">
        <method signature="AbstractTestNGCucumberTests.runScenario(io.cucumber.testng.PickleWrapper,io.cucumber.testng.FeatureWrapper)[pri:0, instance:com.learn.SpringBasic.runner.TestRunner@74455848]" name="runScenario" class="io.cucumber.testng.AbstractTestNGCucumberTests"/>
      </group> <!-- cucumber -->
    </groups>
    <test started-at="2021-10-30T11:03:17 IST" name="E2E Test of EAApp 1" finished-at="2021-10-30T11:03:44 IST" duration-ms="26618">
      <class name="com.learn.SpringBasic.runner.TestRunner">
        <test-method is-config="true" signature="setUpClass()[pri:0, instance:com.learn.SpringBasic.runner.TestRunner@74455848]" started-at="2021-10-30T11:03:17 IST" name="setUpClass" finished-at="2021-10-30T11:03:17 IST" duration-ms="435" status="PASS">
          <reporter-output>
          </reporter-output>
        </test-method> <!-- setUpClass -->
        <test-method signature="runScenario(io.cucumber.testng.PickleWrapper,io.cucumber.testng.FeatureWrapper)[pri:0, instance:com.learn.SpringBasic.runner.TestRunner@74455848]" started-at="2021-10-30T11:03:17 IST" name="runScenario" description="Runs Cucumber Scenarios" data-provider="scenarios" finished-at="2021-10-30T11:03:44 IST" duration-ms="26075" status="PASS">
          <params>
            <param index="0">
              <value>
                <![CDATA["Login with correct username and password 1"]]>
              </value>
            </param>
            <param index="1">
              <value>
                <![CDATA["Optional[LoginFeature]"]]>
              </value>
            </param>
          </params>
          <reporter-output>
          </reporter-output>
        </test-method> <!-- runScenario -->
        <test-method signature="runScenario(io.cucumber.testng.PickleWrapper,io.cucumber.testng.FeatureWrapper)[pri:0, instance:com.learn.SpringBasic.runner.TestRunner@74455848]" started-at="2021-10-30T11:03:17 IST" name="runScenario" description="Runs Cucumber Scenarios" data-provider="scenarios" finished-at="2021-10-30T11:03:42 IST" duration-ms="25057" status="PASS">
          <params>
            <param index="0">
              <value>
                <![CDATA["Login with correct username and password 4"]]>
              </value>
            </param>
            <param index="1">
              <value>
                <![CDATA["Optional[LoginFeature Again]"]]>
              </value>
            </param>
          </params>
          <reporter-output>
          </reporter-output>
        </test-method> <!-- runScenario -->
        <test-method signature="runScenario(io.cucumber.testng.PickleWrapper,io.cucumber.testng.FeatureWrapper)[pri:0, instance:com.learn.SpringBasic.runner.TestRunner@74455848]" started-at="2021-10-30T11:03:17 IST" name="runScenario" description="Runs Cucumber Scenarios" data-provider="scenarios" finished-at="2021-10-30T11:03:43 IST" duration-ms="26060" status="PASS">
          <params>
            <param index="0">
              <value>
                <![CDATA["Login with correct username and password 3"]]>
              </value>
            </param>
            <param index="1">
              <value>
                <![CDATA["Optional[LoginFeature Again]"]]>
              </value>
            </param>
          </params>
          <reporter-output>
          </reporter-output>
        </test-method> <!-- runScenario -->
        <test-method signature="runScenario(io.cucumber.testng.PickleWrapper,io.cucumber.testng.FeatureWrapper)[pri:0, instance:com.learn.SpringBasic.runner.TestRunner@74455848]" started-at="2021-10-30T11:03:17 IST" name="runScenario" description="Runs Cucumber Scenarios" data-provider="scenarios" finished-at="2021-10-30T11:03:43 IST" duration-ms="25832" status="PASS">
          <params>
            <param index="0">
              <value>
                <![CDATA["Login with correct username and password 2"]]>
              </value>
            </param>
            <param index="1">
              <value>
                <![CDATA["Optional[LoginFeature]"]]>
              </value>
            </param>
          </params>
          <reporter-output>
          </reporter-output>
        </test-method> <!-- runScenario -->
        <test-method is-config="true" signature="tearDownClass()[pri:0, instance:com.learn.SpringBasic.runner.TestRunner@74455848]" started-at="2021-10-30T11:03:44 IST" name="tearDownClass" finished-at="2021-10-30T11:03:44 IST" duration-ms="72" status="PASS">
          <reporter-output>
          </reporter-output>
        </test-method> <!-- tearDownClass -->
      </class> <!-- com.learn.SpringBasic.runner.TestRunner -->
    </test> <!-- E2E Test of EAApp 1 -->
  </suite> <!-- Suite -->
</testng-results>
