<?xml version="1.0" encoding="UTF-8"?>
<testng-results ignored="0" total="2" passed="1" failed="1" skipped="0">
  <reporter-output>
  </reporter-output>
  <suite started-at="2021-10-18T23:10:10 IST" name="Suite" finished-at="2021-10-18T23:10:18 IST" duration-ms="8373">
    <groups>
    </groups>
    <test started-at="2021-10-18T23:10:10 IST" name="E2E Test of EAApp 1" finished-at="2021-10-18T23:10:18 IST" duration-ms="8373">
      <class name="com.ea.SpringBasic.SpringTestNGTest">
        <test-method is-config="true" signature="springTestContextPrepareTestInstance()[pri:0, instance:com.ea.SpringBasic.SpringTestNGTest@b70da4c]" started-at="2021-10-18T23:10:06 IST" name="springTestContextPrepareTestInstance" finished-at="2021-10-18T23:10:10 IST" duration-ms="4259" status="PASS">
          <reporter-output>
          </reporter-output>
        </test-method> <!-- springTestContextPrepareTestInstance -->
        <test-method is-config="true" signature="setupWebDriver()[pri:0, instance:com.ea.SpringBasic.SpringTestNGTest@b70da4c]" started-at="2021-10-18T23:10:10 IST" name="setupWebDriver" finished-at="2021-10-18T23:10:14 IST" duration-ms="4209" status="PASS">
          <reporter-output>
          </reporter-output>
        </test-method> <!-- setupWebDriver -->
        <test-method is-config="true" signature="springTestContextBeforeTestClass()[pri:0, instance:com.ea.SpringBasic.SpringTestNGTest@b70da4c]" started-at="2021-10-18T23:10:14 IST" name="springTestContextBeforeTestClass" finished-at="2021-10-18T23:10:14 IST" duration-ms="3" status="PASS">
          <reporter-output>
          </reporter-output>
        </test-method> <!-- springTestContextBeforeTestClass -->
        <test-method is-config="true" signature="springTestContextBeforeTestMethod(java.lang.reflect.Method)[pri:0, instance:com.ea.SpringBasic.SpringTestNGTest@b70da4c]" started-at="2021-10-18T23:10:14 IST" name="springTestContextBeforeTestMethod" finished-at="2021-10-18T23:10:14 IST" duration-ms="4" status="PASS">
          <params>
            <param index="0">
              <value>
                <![CDATA[public void com.ea.SpringBasic.SpringTestNGTest.testLogin()]]>
              </value>
            </param>
          </params>
          <reporter-output>
          </reporter-output>
        </test-method> <!-- springTestContextBeforeTestMethod -->
        <test-method signature="testLogin()[pri:0, instance:com.ea.SpringBasic.SpringTestNGTest@b70da4c]" started-at="2021-10-18T23:10:14 IST" name="testLogin" finished-at="2021-10-18T23:10:17 IST" duration-ms="2976" status="PASS">
          <reporter-output>
          </reporter-output>
        </test-method> <!-- testLogin -->
        <test-method is-config="true" signature="springTestContextAfterTestMethod(java.lang.reflect.Method)[pri:0, instance:com.ea.SpringBasic.SpringTestNGTest@b70da4c]" started-at="2021-10-18T23:10:17 IST" name="springTestContextAfterTestMethod" finished-at="2021-10-18T23:10:17 IST" duration-ms="2" status="PASS">
          <params>
            <param index="0">
              <value>
                <![CDATA[public void com.ea.SpringBasic.SpringTestNGTest.testLogin()]]>
              </value>
            </param>
          </params>
          <reporter-output>
          </reporter-output>
        </test-method> <!-- springTestContextAfterTestMethod -->
        <test-method is-config="true" signature="springTestContextBeforeTestMethod(java.lang.reflect.Method)[pri:0, instance:com.ea.SpringBasic.SpringTestNGTest@b70da4c]" started-at="2021-10-18T23:10:17 IST" name="springTestContextBeforeTestMethod" finished-at="2021-10-18T23:10:17 IST" duration-ms="1" status="PASS">
          <params>
            <param index="0">
              <value>
                <![CDATA[public void com.ea.SpringBasic.SpringTestNGTest.testLoginAgain()]]>
              </value>
            </param>
          </params>
          <reporter-output>
          </reporter-output>
        </test-method> <!-- springTestContextBeforeTestMethod -->
        <test-method signature="testLoginAgain()[pri:0, instance:com.ea.SpringBasic.SpringTestNGTest@b70da4c]" started-at="2021-10-18T23:10:17 IST" name="testLoginAgain" finished-at="2021-10-18T23:10:17 IST" duration-ms="30" status="FAIL">
          <exception class="org.openqa.selenium.NoSuchElementException">
            <message>
              <![CDATA[no such element: Unable to locate element: {"method":"link text","selector":"Login"}
  (Session info: chrome=94.0.4606.81)
For documentation on this error, please visit: https://selenium.dev/exceptions/#no_such_element
Build info: version: '4.0.0', revision: '3a21814679'
System info: host: 'ndi-mb-063', ip: '192.168.1.13', os.name: 'Mac OS X', os.arch: 'x86_64', os.version: '11.5', java.version: '11.0.12'
Driver info: org.openqa.selenium.chrome.ChromeDriver
Command: [c812954318466379f5ff620a28fb19f2, findElement {using=link text, value=Login}]
Capabilities {acceptInsecureCerts: false, browserName: chrome, browserVersion: 94.0.4606.81, chrome: {chromedriverVersion: 94.0.4606.61 (418b78f5838ed..., userDataDir: /var/folders/y2/d3yk9x3s5cg...}, goog:chromeOptions: {debuggerAddress: localhost:52112}, javascriptEnabled: true, networkConnectionEnabled: false, pageLoadStrategy: normal, platform: MAC, platformName: MAC, proxy: Proxy(), se:cdp: ws://localhost:52112/devtoo..., se:cdpVersion: 94.0.4606.81, setWindowRect: true, strictFileInteractability: false, timeouts: {implicit: 0, pageLoad: 300000, script: 30000}, unhandledPromptBehavior: dismiss and notify, webauthn:extension:credBlob: true, webauthn:extension:largeBlob: true, webauthn:virtualAuthenticators: true}
Session ID: c812954318466379f5ff620a28fb19f2]]>
            </message>
            <full-stacktrace>
              <![CDATA[org.openqa.selenium.NoSuchElementException: no such element: Unable to locate element: {"method":"link text","selector":"Login"}
  (Session info: chrome=94.0.4606.81)
For documentation on this error, please visit: https://selenium.dev/exceptions/#no_such_element
Build info: version: '4.0.0', revision: '3a21814679'
System info: host: 'ndi-mb-063', ip: '192.168.1.13', os.name: 'Mac OS X', os.arch: 'x86_64', os.version: '11.5', java.version: '11.0.12'
Driver info: org.openqa.selenium.chrome.ChromeDriver
Command: [c812954318466379f5ff620a28fb19f2, findElement {using=link text, value=Login}]
Capabilities {acceptInsecureCerts: false, browserName: chrome, browserVersion: 94.0.4606.81, chrome: {chromedriverVersion: 94.0.4606.61 (418b78f5838ed..., userDataDir: /var/folders/y2/d3yk9x3s5cg...}, goog:chromeOptions: {debuggerAddress: localhost:52112}, javascriptEnabled: true, networkConnectionEnabled: false, pageLoadStrategy: normal, platform: MAC, platformName: MAC, proxy: Proxy(), se:cdp: ws://localhost:52112/devtoo..., se:cdpVersion: 94.0.4606.81, setWindowRect: true, strictFileInteractability: false, timeouts: {implicit: 0, pageLoad: 300000, script: 30000}, unhandledPromptBehavior: dismiss and notify, webauthn:extension:credBlob: true, webauthn:extension:largeBlob: true, webauthn:virtualAuthenticators: true}
Session ID: c812954318466379f5ff620a28fb19f2
at java.base/jdk.internal.reflect.NativeConstructorAccessorImpl.newInstance0(Native Method)
at java.base/jdk.internal.reflect.NativeConstructorAccessorImpl.newInstance(NativeConstructorAccessorImpl.java:62)
at java.base/jdk.internal.reflect.DelegatingConstructorAccessorImpl.newInstance(DelegatingConstructorAccessorImpl.java:45)
at java.base/java.lang.reflect.Constructor.newInstance(Constructor.java:490)
at org.openqa.selenium.remote.codec.w3c.W3CHttpResponseCodec.createException(W3CHttpResponseCodec.java:200)
at org.openqa.selenium.remote.codec.w3c.W3CHttpResponseCodec.decode(W3CHttpResponseCodec.java:133)
at org.openqa.selenium.remote.codec.w3c.W3CHttpResponseCodec.decode(W3CHttpResponseCodec.java:53)
at org.openqa.selenium.remote.HttpCommandExecutor.execute(HttpCommandExecutor.java:184)
at org.openqa.selenium.remote.service.DriverCommandExecutor.invokeExecute(DriverCommandExecutor.java:164)
at org.openqa.selenium.remote.service.DriverCommandExecutor.execute(DriverCommandExecutor.java:139)
at org.openqa.selenium.remote.RemoteWebDriver.execute(RemoteWebDriver.java:559)
at org.openqa.selenium.remote.ElementLocation$ElementFinder$2.findElement(ElementLocation.java:162)
at org.openqa.selenium.remote.ElementLocation.findElement(ElementLocation.java:60)
at org.openqa.selenium.remote.RemoteWebDriver.findElement(RemoteWebDriver.java:383)
at org.openqa.selenium.remote.RemoteWebDriver.findElement(RemoteWebDriver.java:375)
at org.openqa.selenium.support.pagefactory.DefaultElementLocator.findElement(DefaultElementLocator.java:70)
at org.openqa.selenium.support.pagefactory.internal.LocatingElementHandler.invoke(LocatingElementHandler.java:39)
at com.sun.proxy.$Proxy66.click(Unknown Source)
at com.ea.SpringBasic.pages.HomePage.ClickLogin(HomePage.java:29)
at com.ea.SpringBasic.SpringTestNGTest.testLoginAgain(SpringTestNGTest.java:46)
at java.base/jdk.internal.reflect.NativeMethodAccessorImpl.invoke0(Native Method)
at java.base/jdk.internal.reflect.NativeMethodAccessorImpl.invoke(NativeMethodAccessorImpl.java:62)
at java.base/jdk.internal.reflect.DelegatingMethodAccessorImpl.invoke(DelegatingMethodAccessorImpl.java:43)
at java.base/java.lang.reflect.Method.invoke(Method.java:566)
at org.testng.internal.MethodInvocationHelper.invokeMethod(MethodInvocationHelper.java:133)
at org.testng.internal.MethodInvocationHelper$1.runTestMethod(MethodInvocationHelper.java:239)
at org.springframework.test.context.testng.AbstractTestNGSpringContextTests.run(AbstractTestNGSpringContextTests.java:184)
at org.testng.internal.MethodInvocationHelper.invokeHookable(MethodInvocationHelper.java:253)
at org.testng.internal.TestInvoker.invokeMethod(TestInvoker.java:594)
at org.testng.internal.TestInvoker.invokeTestMethod(TestInvoker.java:173)
at org.testng.internal.MethodRunner.runInSequence(MethodRunner.java:46)
at org.testng.internal.TestInvoker$MethodInvocationAgent.invoke(TestInvoker.java:824)
at org.testng.internal.TestInvoker.invokeTestMethods(TestInvoker.java:146)
at org.testng.internal.TestMethodWorker.invokeTestMethods(TestMethodWorker.java:146)
at org.testng.internal.TestMethodWorker.run(TestMethodWorker.java:128)
at java.base/java.util.ArrayList.forEach(ArrayList.java:1541)
at org.testng.TestRunner.privateRun(TestRunner.java:794)
at org.testng.TestRunner.run(TestRunner.java:596)
at org.testng.SuiteRunner.runTest(SuiteRunner.java:377)
at org.testng.SuiteRunner.access$000(SuiteRunner.java:28)
at org.testng.SuiteRunner$SuiteWorker.run(SuiteRunner.java:418)
at org.testng.internal.thread.ThreadUtil.lambda$execute$0(ThreadUtil.java:64)
at java.base/java.util.concurrent.FutureTask.run(FutureTask.java:264)
at java.base/java.util.concurrent.ThreadPoolExecutor.runWorker(ThreadPoolExecutor.java:1128)
at java.base/java.util.concurrent.ThreadPoolExecutor$Worker.run(ThreadPoolExecutor.java:628)
at java.base/java.lang.Thread.run(Thread.java:834)
]]>
            </full-stacktrace>
          </exception> <!-- org.openqa.selenium.NoSuchElementException -->
          <reporter-output>
          </reporter-output>
        </test-method> <!-- testLoginAgain -->
        <test-method is-config="true" signature="springTestContextAfterTestMethod(java.lang.reflect.Method)[pri:0, instance:com.ea.SpringBasic.SpringTestNGTest@b70da4c]" started-at="2021-10-18T23:10:17 IST" name="springTestContextAfterTestMethod" finished-at="2021-10-18T23:10:17 IST" duration-ms="1" status="PASS">
          <params>
            <param index="0">
              <value>
                <![CDATA[public void com.ea.SpringBasic.SpringTestNGTest.testLoginAgain()]]>
              </value>
            </param>
          </params>
          <reporter-output>
          </reporter-output>
        </test-method> <!-- springTestContextAfterTestMethod -->
        <test-method is-config="true" signature="tearDownWebDriver()[pri:0, instance:com.ea.SpringBasic.SpringTestNGTest@b70da4c]" started-at="2021-10-18T23:10:17 IST" name="tearDownWebDriver" finished-at="2021-10-18T23:10:18 IST" duration-ms="1109" status="PASS">
          <reporter-output>
          </reporter-output>
        </test-method> <!-- tearDownWebDriver -->
        <test-method is-config="true" signature="springTestContextAfterTestClass()[pri:0, instance:com.ea.SpringBasic.SpringTestNGTest@b70da4c]" started-at="2021-10-18T23:10:18 IST" name="springTestContextAfterTestClass" finished-at="2021-10-18T23:10:18 IST" duration-ms="2" status="PASS">
          <reporter-output>
          </reporter-output>
        </test-method> <!-- springTestContextAfterTestClass -->
      </class> <!-- com.ea.SpringBasic.SpringTestNGTest -->
    </test> <!-- E2E Test of EAApp 1 -->
  </suite> <!-- Suite -->
</testng-results>
