<?xml version="1.0" encoding="UTF-8"?>
<!-- Generated by org.testng.reporters.JUnitXMLReporter -->
<testsuite ignored="0" hostname="fv-az81-966" failures="0" tests="2" name="E2E Test of EAApp 1" time="27.058" errors="0" timestamp="2021-09-14T15:33:43 UTC">
  <testcase classname="io.cucumber.testng.AbstractTestNGCucumberTests" name="runScenario" time="25.986"/>
  <testcase classname="io.cucumber.testng.AbstractTestNGCucumberTests" name="runScenario" time="26.525"/>
</testsuite> <!-- E2E Test of EAApp 1 -->
