<?xml version="1.0" encoding="UTF-8"?>
<!-- Generated by org.testng.reporters.JUnitXMLReporter -->
<testsuite ignored="0" hostname="fv-az124-753" failures="0" tests="2" name="E2E Test of EAApp 1" time="19.046" errors="0" timestamp="2021-09-14T15:24:33 UTC">
  <testcase classname="io.cucumber.testng.AbstractTestNGCucumberTests" name="runScenario" time="18.267"/>
  <testcase classname="io.cucumber.testng.AbstractTestNGCucumberTests" name="runScenario" time="18.622"/>
</testsuite> <!-- E2E Test of EAApp 1 -->
