<?xml version="1.0" encoding="UTF-8"?>
<testng-results ignored="0" total="2" passed="2" failed="0" skipped="0">
  <reporter-output>
  </reporter-output>
  <suite started-at="2021-09-14T15:24:14 UTC" name="Suite" finished-at="2021-09-14T15:24:33 UTC" duration-ms="19046">
    <groups>
      <group name="cucumber">
        <method signature="AbstractTestNGCucumberTests.runScenario(io.cucumber.testng.PickleWrapper,io.cucumber.testng.FeatureWrapper)[pri:0, instance:com.ea.SpringBasic.runner.TestRunner@11c9af63]" name="runScenario" class="io.cucumber.testng.AbstractTestNGCucumberTests"/>
      </group> <!-- cucumber -->
    </groups>
    <test started-at="2021-09-14T15:24:14 UTC" name="E2E Test of EAApp 1" finished-at="2021-09-14T15:24:33 UTC" duration-ms="19046">
      <class name="com.ea.SpringBasic.runner.TestRunner">
        <test-method is-config="true" signature="setUpClass()[pri:0, instance:com.ea.SpringBasic.runner.TestRunner@11c9af63]" started-at="2021-09-14T15:24:14 UTC" name="setUpClass" finished-at="2021-09-14T15:24:14 UTC" duration-ms="315" status="PASS">
          <reporter-output>
          </reporter-output>
        </test-method> <!-- setUpClass -->
        <test-method signature="runScenario(io.cucumber.testng.PickleWrapper,io.cucumber.testng.FeatureWrapper)[pri:0, instance:com.ea.SpringBasic.runner.TestRunner@11c9af63]" started-at="2021-09-14T15:24:14 UTC" name="runScenario" description="Runs Cucumber Scenarios" data-provider="scenarios" finished-at="2021-09-14T15:24:32 UTC" duration-ms="18267" status="PASS">
          <params>
            <param index="0">
              <value>
                <![CDATA["Login with correct username and password 2"]]>
              </value>
            </param>
            <param index="1">
              <value>
                <![CDATA["Optional[LoginFeature]"]]>
              </value>
            </param>
          </params>
          <reporter-output>
          </reporter-output>
        </test-method> <!-- runScenario -->
        <test-method signature="runScenario(io.cucumber.testng.PickleWrapper,io.cucumber.testng.FeatureWrapper)[pri:0, instance:com.ea.SpringBasic.runner.TestRunner@11c9af63]" started-at="2021-09-14T15:24:14 UTC" name="runScenario" description="Runs Cucumber Scenarios" data-provider="scenarios" finished-at="2021-09-14T15:24:33 UTC" duration-ms="18622" status="PASS">
          <params>
            <param index="0">
              <value>
                <![CDATA["Login with correct username and password"]]>
              </value>
            </param>
            <param index="1">
              <value>
                <![CDATA["Optional[LoginFeature]"]]>
              </value>
            </param>
          </params>
          <reporter-output>
          </reporter-output>
        </test-method> <!-- runScenario -->
        <test-method is-config="true" signature="tearDownClass()[pri:0, instance:com.ea.SpringBasic.runner.TestRunner@11c9af63]" started-at="2021-09-14T15:24:33 UTC" name="tearDownClass" finished-at="2021-09-14T15:24:33 UTC" duration-ms="64" status="PASS">
          <reporter-output>
          </reporter-output>
        </test-method> <!-- tearDownClass -->
      </class> <!-- com.ea.SpringBasic.runner.TestRunner -->
    </test> <!-- E2E Test of EAApp 1 -->
  </suite> <!-- Suite -->
</testng-results>
